\BOOKMARK [1][-]{section.1}{Introducci\363n}{}% 1
\BOOKMARK [2][-]{subsection.1.1}{Gas de Fermi}{section.1}% 2
\BOOKMARK [2][-]{subsection.1.2}{Potencial de Pauli}{section.1}% 3
\BOOKMARK [2][-]{subsection.1.3}{Integraci\363n simpl\351ctica de sistemas hamiltonianos}{section.1}% 4
\BOOKMARK [3][-]{subsubsection.1.3.1}{Transformaciones simpl\351cticas}{subsection.1.3}% 5
\BOOKMARK [3][-]{subsubsection.1.3.2}{Integradores simpl\351cticos}{subsection.1.3}% 6
\BOOKMARK [2][-]{subsection.1.4}{M\351todo de Metropolis-Montecarlo}{section.1}% 7
\BOOKMARK [3][-]{subsubsection.1.4.1}{Cadenas de Markov}{subsection.1.4}% 8
\BOOKMARK [3][-]{subsubsection.1.4.2}{Distribuci\363n estacionaria}{subsection.1.4}% 9
\BOOKMARK [3][-]{subsubsection.1.4.3}{Algoritmo de Metropolis-Montecarlo}{subsection.1.4}% 10
\BOOKMARK [2][-]{subsection.1.5}{Nuclear Matter}{section.1}% 11
\BOOKMARK [2][-]{subsection.1.6}{Neutron Star Matter}{section.1}% 12
\BOOKMARK [1][-]{section.2}{Choque unidimensional}{}% 13
\BOOKMARK [2][-]{subsection.2.1}{Formulaci\363n del problema}{section.2}% 14
\BOOKMARK [3][-]{subsubsection.2.1.1}{Caracter\355sticas generales}{subsection.2.1}% 15
\BOOKMARK [3][-]{subsubsection.2.1.2}{Adimensionalizaci\363n}{subsection.2.1}% 16
\BOOKMARK [3][-]{subsubsection.2.1.3}{Espacio de fases}{subsection.2.1}% 17
\BOOKMARK [2][-]{subsection.2.2}{Estudio num\351rico del espacio de fases}{section.2}% 18
\BOOKMARK [3][-]{subsubsection.2.2.1}{Implementaci\363n de integradores}{subsection.2.2}% 19
\BOOKMARK [3][-]{subsubsection.2.2.2}{Conservaci\363n de la energ\355a}{subsection.2.2}% 20
\BOOKMARK [3][-]{subsubsection.2.2.3}{Primer diagrama de fases}{subsection.2.2}% 21
\BOOKMARK [3][-]{subsubsection.2.2.4}{Teorema de Liouville y volumen de fases}{subsection.2.2}% 22
\BOOKMARK [2][-]{subsection.2.3}{Area exclu\355da}{section.2}% 23
\BOOKMARK [1][-]{section.3}{Gas de Pauli}{}% 24
\BOOKMARK [2][-]{subsection.3.1}{M\351todo de simulaci\363n}{section.3}% 25
\BOOKMARK [2][-]{subsection.3.2}{Area exclu\355da}{section.3}% 26
\BOOKMARK [2][-]{subsection.3.3}{Distribuci\363n de energ\355a cin\351tica}{section.3}% 27
\BOOKMARK [2][-]{subsection.3.4}{Presi\363n}{section.3}% 28
\BOOKMARK [1][-]{section.4}{Nuclear Matter}{}% 29
\BOOKMARK [1][-]{section.5}{Ap\351ndice}{}% 30
\BOOKMARK [2][-]{subsection.5.1}{Distribuci\363n de Boltzmann}{section.5}% 31
\BOOKMARK [2][-]{subsection.5.2}{C\341lculo de las funciones de Fermi}{section.5}% 32
\BOOKMARK [3][-]{subsubsection.5.2.1}{Algoritmo de Wynn}{subsection.5.2}% 33
\BOOKMARK [3][-]{subsubsection.5.2.2}{Aproximaci\363n de Sommerfeld y forma final}{subsection.5.2}% 34
\BOOKMARK [2][-]{subsection.5.3}{Integradores no simpl\351cticos: Euler y Runge-Kutta}{section.5}% 35
\BOOKMARK [3][-]{subsubsection.5.3.1}{Implementaci\363n de interacci\363n de Pauli}{subsection.5.3}% 36
