This is pdfTeX, Version 3.14159265-2.6-1.40.16 (TeX Live 2015/Debian) (preloaded format=pdflatex 2018.10.13)  14 FEB 2019 01:02
entering extended mode
 restricted \write18 enabled.
 %&-line parsing enabled.
**Tesis.tex
(./Tesis.tex
LaTeX2e <2016/02/01>
Babel <3.9q> and hyphenation patterns for 81 language(s) loaded.
(/usr/share/texlive/texmf-dist/tex/latex/base/article.cls
Document Class: article 2014/09/29 v1.4h Standard LaTeX document class
(/usr/share/texlive/texmf-dist/tex/latex/base/size12.clo
File: size12.clo 2014/09/29 v1.4h Standard LaTeX file (size option)
)
\c@part=\count79
\c@section=\count80
\c@subsection=\count81
\c@subsubsection=\count82
\c@paragraph=\count83
\c@subparagraph=\count84
\c@figure=\count85
\c@table=\count86
\abovecaptionskip=\skip41
\belowcaptionskip=\skip42
\bibindent=\dimen102
)
(/usr/share/texlive/texmf-dist/tex/latex/psnfss/mathpazo.sty
Package: mathpazo 2005/04/12 PSNFSS-v9.2a Palatino w/ Pazo Math (D.Puga, WaS) 
\symupright=\mathgroup4
)
(/usr/share/texlive/texmf-dist/tex/latex/base/fontenc.sty
Package: fontenc 2005/09/27 v1.99g Standard LaTeX package

(/usr/share/texlive/texmf-dist/tex/latex/base/t1enc.def
File: t1enc.def 2005/09/27 v1.99g Standard LaTeX file
LaTeX Font Info:    Redeclaring font encoding T1 on input line 48.
))
(/usr/share/texlive/texmf-dist/tex/latex/geometry/geometry.sty
Package: geometry 2010/09/12 v5.6 Page Geometry

(/usr/share/texlive/texmf-dist/tex/latex/graphics/keyval.sty
Package: keyval 2014/10/28 v1.15 key=value parser (DPC)
\KV@toks@=\toks14
)
(/usr/share/texlive/texmf-dist/tex/generic/oberdiek/ifpdf.sty
Package: ifpdf 2011/01/30 v2.3 Provides the ifpdf switch (HO)
Package ifpdf Info: pdfTeX in PDF mode is detected.
)
(/usr/share/texlive/texmf-dist/tex/generic/oberdiek/ifvtex.sty
Package: ifvtex 2010/03/01 v1.5 Detect VTeX and its facilities (HO)
Package ifvtex Info: VTeX not detected.
)
(/usr/share/texlive/texmf-dist/tex/generic/ifxetex/ifxetex.sty
Package: ifxetex 2010/09/12 v0.6 Provides ifxetex conditional
)
\Gm@cnth=\count87
\Gm@cntv=\count88
\c@Gm@tempcnt=\count89
\Gm@bindingoffset=\dimen103
\Gm@wd@mp=\dimen104
\Gm@odd@mp=\dimen105
\Gm@even@mp=\dimen106
\Gm@layoutwidth=\dimen107
\Gm@layoutheight=\dimen108
\Gm@layouthoffset=\dimen109
\Gm@layoutvoffset=\dimen110
\Gm@dimlist=\toks15
)
(/usr/share/texlive/texmf-dist/tex/latex/tools/multicol.sty
Package: multicol 2015/08/19 v1.8n multicolumn formatting (FMi)
\c@tracingmulticols=\count90
\mult@box=\box26
\multicol@leftmargin=\dimen111
\c@unbalance=\count91
\c@collectmore=\count92
\doublecol@number=\count93
\multicoltolerance=\count94
\multicolpretolerance=\count95
\full@width=\dimen112
\page@free=\dimen113
\premulticols=\dimen114
\postmulticols=\dimen115
\multicolsep=\skip43
\multicolbaselineskip=\skip44
\partial@page=\box27
\last@line=\box28
\maxbalancingoverflow=\dimen116
\mult@rightbox=\box29
\mult@grightbox=\box30
\mult@gfirstbox=\box31
\mult@firstbox=\box32
\@tempa=\box33
\@tempa=\box34
\@tempa=\box35
\@tempa=\box36
\@tempa=\box37
\@tempa=\box38
\@tempa=\box39
\@tempa=\box40
\@tempa=\box41
\@tempa=\box42
\@tempa=\box43
\@tempa=\box44
\@tempa=\box45
\@tempa=\box46
\@tempa=\box47
\@tempa=\box48
\@tempa=\box49
\c@columnbadness=\count96
\c@finalcolumnbadness=\count97
\last@try=\dimen117
\multicolovershoot=\dimen118
\multicolundershoot=\dimen119
\mult@nat@firstbox=\box50
\colbreak@box=\box51
\mc@col@check@num=\count98
)
(/usr/share/texlive/texmf-dist/tex/latex/caption/caption.sty
Package: caption 2016/02/21 v3.3-144 Customizing captions (AR)

(/usr/share/texlive/texmf-dist/tex/latex/caption/caption3.sty
Package: caption3 2016/02/04 v1.7-139 caption3 kernel (AR)
Package caption3 Info: TeX engine: e-TeX on input line 67.
\captionmargin=\dimen120
\captionmargin@=\dimen121
\captionwidth=\dimen122
\caption@tempdima=\dimen123
\caption@indent=\dimen124
\caption@parindent=\dimen125
\caption@hangindent=\dimen126
)
\c@ContinuedFloat=\count99
)
(/usr/share/texlive/texmf-dist/tex/latex/booktabs/booktabs.sty
Package: booktabs 2005/04/14 v1.61803 publication quality tables
\heavyrulewidth=\dimen127
\lightrulewidth=\dimen128
\cmidrulewidth=\dimen129
\belowrulesep=\dimen130
\belowbottomsep=\dimen131
\aboverulesep=\dimen132
\abovetopsep=\dimen133
\cmidrulesep=\dimen134
\cmidrulekern=\dimen135
\defaultaddspace=\dimen136
\@cmidla=\count100
\@cmidlb=\count101
\@aboverulesep=\dimen137
\@belowrulesep=\dimen138
\@thisruleclass=\count102
\@lastruleclass=\count103
\@thisrulewidth=\dimen139
)
(/usr/share/texlive/texmf-dist/tex/latex/float/float.sty
Package: float 2001/11/08 v1.3d Float enhancements (AL)
\c@float@type=\count104
\float@exts=\toks16
\float@box=\box52
\@float@everytoks=\toks17
\@floatcapt=\box53
)
(/usr/share/texlive/texmf-dist/tex/latex/hyperref/hyperref.sty
Package: hyperref 2012/11/06 v6.83m Hypertext links for LaTeX

(/usr/share/texlive/texmf-dist/tex/generic/oberdiek/hobsub-hyperref.sty
Package: hobsub-hyperref 2012/05/28 v1.13 Bundle oberdiek, subset hyperref (HO)


(/usr/share/texlive/texmf-dist/tex/generic/oberdiek/hobsub-generic.sty
Package: hobsub-generic 2012/05/28 v1.13 Bundle oberdiek, subset generic (HO)
Package: hobsub 2012/05/28 v1.13 Construct package bundles (HO)
Package: infwarerr 2010/04/08 v1.3 Providing info/warning/error messages (HO)
Package: ltxcmds 2011/11/09 v1.22 LaTeX kernel commands for general use (HO)
Package: ifluatex 2010/03/01 v1.3 Provides the ifluatex switch (HO)
Package ifluatex Info: LuaTeX not detected.
Package hobsub Info: Skipping package `ifvtex' (already loaded).
Package: intcalc 2007/09/27 v1.1 Expandable calculations with integers (HO)
Package hobsub Info: Skipping package `ifpdf' (already loaded).
Package: etexcmds 2011/02/16 v1.5 Avoid name clashes with e-TeX commands (HO)
Package etexcmds Info: Could not find \expanded.
(etexcmds)             That can mean that you are not using pdfTeX 1.50 or
(etexcmds)             that some package has redefined \expanded.
(etexcmds)             In the latter case, load this package earlier.
Package: kvsetkeys 2012/04/25 v1.16 Key value parser (HO)
Package: kvdefinekeys 2011/04/07 v1.3 Define keys (HO)
Package: pdftexcmds 2011/11/29 v0.20 Utility functions of pdfTeX for LuaTeX (HO
)
Package pdftexcmds Info: LuaTeX not detected.
Package pdftexcmds Info: \pdf@primitive is available.
Package pdftexcmds Info: \pdf@ifprimitive is available.
Package pdftexcmds Info: \pdfdraftmode found.
Package: pdfescape 2011/11/25 v1.13 Implements pdfTeX's escape features (HO)
Package: bigintcalc 2012/04/08 v1.3 Expandable calculations on big integers (HO
)
Package: bitset 2011/01/30 v1.1 Handle bit-vector datatype (HO)
Package: uniquecounter 2011/01/30 v1.2 Provide unlimited unique counter (HO)
)
Package hobsub Info: Skipping package `hobsub' (already loaded).
Package: letltxmacro 2010/09/02 v1.4 Let assignment for LaTeX macros (HO)
Package: hopatch 2012/05/28 v1.2 Wrapper for package hooks (HO)
Package: xcolor-patch 2011/01/30 xcolor patch
Package: atveryend 2011/06/30 v1.8 Hooks at the very end of document (HO)
Package atveryend Info: \enddocument detected (standard20110627).
Package: atbegshi 2011/10/05 v1.16 At begin shipout hook (HO)
Package: refcount 2011/10/16 v3.4 Data extraction from label references (HO)
Package: hycolor 2011/01/30 v1.7 Color options for hyperref/bookmark (HO)
)
(/usr/share/texlive/texmf-dist/tex/latex/oberdiek/auxhook.sty
Package: auxhook 2011/03/04 v1.3 Hooks for auxiliary files (HO)
)
(/usr/share/texlive/texmf-dist/tex/latex/oberdiek/kvoptions.sty
Package: kvoptions 2011/06/30 v3.11 Key value format for package options (HO)
)
\@linkdim=\dimen140
\Hy@linkcounter=\count105
\Hy@pagecounter=\count106

(/usr/share/texlive/texmf-dist/tex/latex/hyperref/pd1enc.def
File: pd1enc.def 2012/11/06 v6.83m Hyperref: PDFDocEncoding definition (HO)
)
\Hy@SavedSpaceFactor=\count107

(/usr/share/texlive/texmf-dist/tex/latex/latexconfig/hyperref.cfg
File: hyperref.cfg 2002/06/06 v1.2 hyperref configuration of TeXLive
)
Package hyperref Info: Hyper figures OFF on input line 4443.
Package hyperref Info: Link nesting OFF on input line 4448.
Package hyperref Info: Hyper index ON on input line 4451.
Package hyperref Info: Plain pages OFF on input line 4458.
Package hyperref Info: Backreferencing OFF on input line 4463.
Package hyperref Info: Implicit mode ON; LaTeX internals redefined.
Package hyperref Info: Bookmarks ON on input line 4688.
\c@Hy@tempcnt=\count108

(/usr/share/texlive/texmf-dist/tex/latex/url/url.sty
\Urlmuskip=\muskip10
Package: url 2013/09/16  ver 3.4  Verb mode for urls, etc.
)
LaTeX Info: Redefining \url on input line 5041.
\XeTeXLinkMargin=\dimen141
\Fld@menulength=\count109
\Field@Width=\dimen142
\Fld@charsize=\dimen143
Package hyperref Info: Hyper figures OFF on input line 6295.
Package hyperref Info: Link nesting OFF on input line 6300.
Package hyperref Info: Hyper index ON on input line 6303.
Package hyperref Info: backreferencing OFF on input line 6310.
Package hyperref Info: Link coloring OFF on input line 6315.
Package hyperref Info: Link coloring with OCG OFF on input line 6320.
Package hyperref Info: PDF/A mode OFF on input line 6325.
LaTeX Info: Redefining \ref on input line 6365.
LaTeX Info: Redefining \pageref on input line 6369.
\Hy@abspage=\count110
\c@Item=\count111
\c@Hfootnote=\count112
)

Package hyperref Message: Driver (autodetected): hpdftex.

(/usr/share/texlive/texmf-dist/tex/latex/hyperref/hpdftex.def
File: hpdftex.def 2012/11/06 v6.83m Hyperref driver for pdfTeX
\Fld@listcount=\count113
\c@bookmark@seq@number=\count114

(/usr/share/texlive/texmf-dist/tex/latex/oberdiek/rerunfilecheck.sty
Package: rerunfilecheck 2011/04/15 v1.7 Rerun checks for auxiliary files (HO)
Package uniquecounter Info: New unique counter `rerunfilecheck' on input line 2
82.
)
\Hy@SectionHShift=\skip45
)
(/usr/share/texlive/texmf-dist/tex/generic/babel/babel.sty
Package: babel 2016/02/24 3.9q The Babel package

(/usr/share/texlive/texmf-dist/tex/generic/babel-spanish/spanish.ldf
Language: spanish.ldf 2016/01/15 v5.0o Spanish support from the babel system

(/usr/share/texlive/texmf-dist/tex/generic/babel/babel.def
File: babel.def 2016/02/24 3.9q Babel common definitions
\babel@savecnt=\count115
\U@D=\dimen144
)
\es@quottoks=\toks18
\es@quotdepth=\count116
Package babel Info: Making " an active character on input line 533.
Package babel Info: Making . an active character on input line 634.
Package babel Info: Making < an active character on input line 679.
Package babel Info: Making > an active character on input line 679.
))
(/usr/share/texlive/texmf-dist/tex/latex/base/inputenc.sty
Package: inputenc 2015/03/17 v1.2c Input encoding file
\inpenc@prehook=\toks19
\inpenc@posthook=\toks20

(/usr/share/texlive/texmf-dist/tex/latex/base/utf8.def
File: utf8.def 2015/12/03 v1.1r UTF-8 support for inputenc
Now handling font encoding OML ...
... no UTF-8 mapping file for font encoding OML
Now handling font encoding T1 ...
... processing UTF-8 mapping file for font encoding T1

(/usr/share/texlive/texmf-dist/tex/latex/base/t1enc.dfu
File: t1enc.dfu 2015/12/03 v1.1r UTF-8 support for inputenc
   defining Unicode char U+00A0 (decimal 160)
   defining Unicode char U+00A1 (decimal 161)
   defining Unicode char U+00A3 (decimal 163)
   defining Unicode char U+00AB (decimal 171)
   defining Unicode char U+00AD (decimal 173)
   defining Unicode char U+00BB (decimal 187)
   defining Unicode char U+00BF (decimal 191)
   defining Unicode char U+00C0 (decimal 192)
   defining Unicode char U+00C1 (decimal 193)
   defining Unicode char U+00C2 (decimal 194)
   defining Unicode char U+00C3 (decimal 195)
   defining Unicode char U+00C4 (decimal 196)
   defining Unicode char U+00C5 (decimal 197)
   defining Unicode char U+00C6 (decimal 198)
   defining Unicode char U+00C7 (decimal 199)
   defining Unicode char U+00C8 (decimal 200)
   defining Unicode char U+00C9 (decimal 201)
   defining Unicode char U+00CA (decimal 202)
   defining Unicode char U+00CB (decimal 203)
   defining Unicode char U+00CC (decimal 204)
   defining Unicode char U+00CD (decimal 205)
   defining Unicode char U+00CE (decimal 206)
   defining Unicode char U+00CF (decimal 207)
   defining Unicode char U+00D0 (decimal 208)
   defining Unicode char U+00D1 (decimal 209)
   defining Unicode char U+00D2 (decimal 210)
   defining Unicode char U+00D3 (decimal 211)
   defining Unicode char U+00D4 (decimal 212)
   defining Unicode char U+00D5 (decimal 213)
   defining Unicode char U+00D6 (decimal 214)
   defining Unicode char U+00D8 (decimal 216)
   defining Unicode char U+00D9 (decimal 217)
   defining Unicode char U+00DA (decimal 218)
   defining Unicode char U+00DB (decimal 219)
   defining Unicode char U+00DC (decimal 220)
   defining Unicode char U+00DD (decimal 221)
   defining Unicode char U+00DE (decimal 222)
   defining Unicode char U+00DF (decimal 223)
   defining Unicode char U+00E0 (decimal 224)
   defining Unicode char U+00E1 (decimal 225)
   defining Unicode char U+00E2 (decimal 226)
   defining Unicode char U+00E3 (decimal 227)
   defining Unicode char U+00E4 (decimal 228)
   defining Unicode char U+00E5 (decimal 229)
   defining Unicode char U+00E6 (decimal 230)
   defining Unicode char U+00E7 (decimal 231)
   defining Unicode char U+00E8 (decimal 232)
   defining Unicode char U+00E9 (decimal 233)
   defining Unicode char U+00EA (decimal 234)
   defining Unicode char U+00EB (decimal 235)
   defining Unicode char U+00EC (decimal 236)
   defining Unicode char U+00ED (decimal 237)
   defining Unicode char U+00EE (decimal 238)
   defining Unicode char U+00EF (decimal 239)
   defining Unicode char U+00F0 (decimal 240)
   defining Unicode char U+00F1 (decimal 241)
   defining Unicode char U+00F2 (decimal 242)
   defining Unicode char U+00F3 (decimal 243)
   defining Unicode char U+00F4 (decimal 244)
   defining Unicode char U+00F5 (decimal 245)
   defining Unicode char U+00F6 (decimal 246)
   defining Unicode char U+00F8 (decimal 248)
   defining Unicode char U+00F9 (decimal 249)
   defining Unicode char U+00FA (decimal 250)
   defining Unicode char U+00FB (decimal 251)
   defining Unicode char U+00FC (decimal 252)
   defining Unicode char U+00FD (decimal 253)
   defining Unicode char U+00FE (decimal 254)
   defining Unicode char U+00FF (decimal 255)
   defining Unicode char U+0100 (decimal 256)
   defining Unicode char U+0101 (decimal 257)
   defining Unicode char U+0102 (decimal 258)
   defining Unicode char U+0103 (decimal 259)
   defining Unicode char U+0104 (decimal 260)
   defining Unicode char U+0105 (decimal 261)
   defining Unicode char U+0106 (decimal 262)
   defining Unicode char U+0107 (decimal 263)
   defining Unicode char U+0108 (decimal 264)
   defining Unicode char U+0109 (decimal 265)
   defining Unicode char U+010A (decimal 266)
   defining Unicode char U+010B (decimal 267)
   defining Unicode char U+010C (decimal 268)
   defining Unicode char U+010D (decimal 269)
   defining Unicode char U+010E (decimal 270)
   defining Unicode char U+010F (decimal 271)
   defining Unicode char U+0110 (decimal 272)
   defining Unicode char U+0111 (decimal 273)
   defining Unicode char U+0112 (decimal 274)
   defining Unicode char U+0113 (decimal 275)
   defining Unicode char U+0114 (decimal 276)
   defining Unicode char U+0115 (decimal 277)
   defining Unicode char U+0116 (decimal 278)
   defining Unicode char U+0117 (decimal 279)
   defining Unicode char U+0118 (decimal 280)
   defining Unicode char U+0119 (decimal 281)
   defining Unicode char U+011A (decimal 282)
   defining Unicode char U+011B (decimal 283)
   defining Unicode char U+011C (decimal 284)
   defining Unicode char U+011D (decimal 285)
   defining Unicode char U+011E (decimal 286)
   defining Unicode char U+011F (decimal 287)
   defining Unicode char U+0120 (decimal 288)
   defining Unicode char U+0121 (decimal 289)
   defining Unicode char U+0122 (decimal 290)
   defining Unicode char U+0123 (decimal 291)
   defining Unicode char U+0124 (decimal 292)
   defining Unicode char U+0125 (decimal 293)
   defining Unicode char U+0128 (decimal 296)
   defining Unicode char U+0129 (decimal 297)
   defining Unicode char U+012A (decimal 298)
   defining Unicode char U+012B (decimal 299)
   defining Unicode char U+012C (decimal 300)
   defining Unicode char U+012D (decimal 301)
   defining Unicode char U+012E (decimal 302)
   defining Unicode char U+012F (decimal 303)
   defining Unicode char U+0130 (decimal 304)
   defining Unicode char U+0131 (decimal 305)
   defining Unicode char U+0132 (decimal 306)
   defining Unicode char U+0133 (decimal 307)
   defining Unicode char U+0134 (decimal 308)
   defining Unicode char U+0135 (decimal 309)
   defining Unicode char U+0136 (decimal 310)
   defining Unicode char U+0137 (decimal 311)
   defining Unicode char U+0139 (decimal 313)
   defining Unicode char U+013A (decimal 314)
   defining Unicode char U+013B (decimal 315)
   defining Unicode char U+013C (decimal 316)
   defining Unicode char U+013D (decimal 317)
   defining Unicode char U+013E (decimal 318)
   defining Unicode char U+0141 (decimal 321)
   defining Unicode char U+0142 (decimal 322)
   defining Unicode char U+0143 (decimal 323)
   defining Unicode char U+0144 (decimal 324)
   defining Unicode char U+0145 (decimal 325)
   defining Unicode char U+0146 (decimal 326)
   defining Unicode char U+0147 (decimal 327)
   defining Unicode char U+0148 (decimal 328)
   defining Unicode char U+014A (decimal 330)
   defining Unicode char U+014B (decimal 331)
   defining Unicode char U+014C (decimal 332)
   defining Unicode char U+014D (decimal 333)
   defining Unicode char U+014E (decimal 334)
   defining Unicode char U+014F (decimal 335)
   defining Unicode char U+0150 (decimal 336)
   defining Unicode char U+0151 (decimal 337)
   defining Unicode char U+0152 (decimal 338)
   defining Unicode char U+0153 (decimal 339)
   defining Unicode char U+0154 (decimal 340)
   defining Unicode char U+0155 (decimal 341)
   defining Unicode char U+0156 (decimal 342)
   defining Unicode char U+0157 (decimal 343)
   defining Unicode char U+0158 (decimal 344)
   defining Unicode char U+0159 (decimal 345)
   defining Unicode char U+015A (decimal 346)
   defining Unicode char U+015B (decimal 347)
   defining Unicode char U+015C (decimal 348)
   defining Unicode char U+015D (decimal 349)
   defining Unicode char U+015E (decimal 350)
   defining Unicode char U+015F (decimal 351)
   defining Unicode char U+0160 (decimal 352)
   defining Unicode char U+0161 (decimal 353)
   defining Unicode char U+0162 (decimal 354)
   defining Unicode char U+0163 (decimal 355)
   defining Unicode char U+0164 (decimal 356)
   defining Unicode char U+0165 (decimal 357)
   defining Unicode char U+0168 (decimal 360)
   defining Unicode char U+0169 (decimal 361)
   defining Unicode char U+016A (decimal 362)
   defining Unicode char U+016B (decimal 363)
   defining Unicode char U+016C (decimal 364)
   defining Unicode char U+016D (decimal 365)
   defining Unicode char U+016E (decimal 366)
   defining Unicode char U+016F (decimal 367)
   defining Unicode char U+0170 (decimal 368)
   defining Unicode char U+0171 (decimal 369)
   defining Unicode char U+0172 (decimal 370)
   defining Unicode char U+0173 (decimal 371)
   defining Unicode char U+0174 (decimal 372)
   defining Unicode char U+0175 (decimal 373)
   defining Unicode char U+0176 (decimal 374)
   defining Unicode char U+0177 (decimal 375)
   defining Unicode char U+0178 (decimal 376)
   defining Unicode char U+0179 (decimal 377)
   defining Unicode char U+017A (decimal 378)
   defining Unicode char U+017B (decimal 379)
   defining Unicode char U+017C (decimal 380)
   defining Unicode char U+017D (decimal 381)
   defining Unicode char U+017E (decimal 382)
   defining Unicode char U+01CD (decimal 461)
   defining Unicode char U+01CE (decimal 462)
   defining Unicode char U+01CF (decimal 463)
   defining Unicode char U+01D0 (decimal 464)
   defining Unicode char U+01D1 (decimal 465)
   defining Unicode char U+01D2 (decimal 466)
   defining Unicode char U+01D3 (decimal 467)
   defining Unicode char U+01D4 (decimal 468)
   defining Unicode char U+01E2 (decimal 482)
   defining Unicode char U+01E3 (decimal 483)
   defining Unicode char U+01E6 (decimal 486)
   defining Unicode char U+01E7 (decimal 487)
   defining Unicode char U+01E8 (decimal 488)
   defining Unicode char U+01E9 (decimal 489)
   defining Unicode char U+01EA (decimal 490)
   defining Unicode char U+01EB (decimal 491)
   defining Unicode char U+01F0 (decimal 496)
   defining Unicode char U+01F4 (decimal 500)
   defining Unicode char U+01F5 (decimal 501)
   defining Unicode char U+0218 (decimal 536)
   defining Unicode char U+0219 (decimal 537)
   defining Unicode char U+021A (decimal 538)
   defining Unicode char U+021B (decimal 539)
   defining Unicode char U+01E02 (decimal 7682)
   defining Unicode char U+01E03 (decimal 7683)
   defining Unicode char U+200C (decimal 8204)
   defining Unicode char U+2013 (decimal 8211)
   defining Unicode char U+2014 (decimal 8212)
   defining Unicode char U+2018 (decimal 8216)
   defining Unicode char U+2019 (decimal 8217)
   defining Unicode char U+201A (decimal 8218)
   defining Unicode char U+201C (decimal 8220)
   defining Unicode char U+201D (decimal 8221)
   defining Unicode char U+201E (decimal 8222)
   defining Unicode char U+2030 (decimal 8240)
   defining Unicode char U+2031 (decimal 8241)
   defining Unicode char U+2039 (decimal 8249)
   defining Unicode char U+203A (decimal 8250)
   defining Unicode char U+2423 (decimal 9251)
)
Now handling font encoding OT1 ...
... processing UTF-8 mapping file for font encoding OT1

(/usr/share/texlive/texmf-dist/tex/latex/base/ot1enc.dfu
File: ot1enc.dfu 2015/12/03 v1.1r UTF-8 support for inputenc
   defining Unicode char U+00A0 (decimal 160)
   defining Unicode char U+00A1 (decimal 161)
   defining Unicode char U+00A3 (decimal 163)
   defining Unicode char U+00AD (decimal 173)
   defining Unicode char U+00B8 (decimal 184)
   defining Unicode char U+00BF (decimal 191)
   defining Unicode char U+00C5 (decimal 197)
   defining Unicode char U+00C6 (decimal 198)
   defining Unicode char U+00D8 (decimal 216)
   defining Unicode char U+00DF (decimal 223)
   defining Unicode char U+00E6 (decimal 230)
   defining Unicode char U+00EC (decimal 236)
   defining Unicode char U+00ED (decimal 237)
   defining Unicode char U+00EE (decimal 238)
   defining Unicode char U+00EF (decimal 239)
   defining Unicode char U+00F8 (decimal 248)
   defining Unicode char U+0131 (decimal 305)
   defining Unicode char U+0141 (decimal 321)
   defining Unicode char U+0142 (decimal 322)
   defining Unicode char U+0152 (decimal 338)
   defining Unicode char U+0153 (decimal 339)
   defining Unicode char U+0174 (decimal 372)
   defining Unicode char U+0175 (decimal 373)
   defining Unicode char U+0176 (decimal 374)
   defining Unicode char U+0177 (decimal 375)
   defining Unicode char U+0218 (decimal 536)
   defining Unicode char U+0219 (decimal 537)
   defining Unicode char U+021A (decimal 538)
   defining Unicode char U+021B (decimal 539)
   defining Unicode char U+2013 (decimal 8211)
   defining Unicode char U+2014 (decimal 8212)
   defining Unicode char U+2018 (decimal 8216)
   defining Unicode char U+2019 (decimal 8217)
   defining Unicode char U+201C (decimal 8220)
   defining Unicode char U+201D (decimal 8221)
)
Now handling font encoding OMS ...
... processing UTF-8 mapping file for font encoding OMS

(/usr/share/texlive/texmf-dist/tex/latex/base/omsenc.dfu
File: omsenc.dfu 2015/12/03 v1.1r UTF-8 support for inputenc
   defining Unicode char U+00A7 (decimal 167)
   defining Unicode char U+00B6 (decimal 182)
   defining Unicode char U+00B7 (decimal 183)
   defining Unicode char U+2020 (decimal 8224)
   defining Unicode char U+2021 (decimal 8225)
   defining Unicode char U+2022 (decimal 8226)
)
Now handling font encoding OMX ...
... no UTF-8 mapping file for font encoding OMX
Now handling font encoding U ...
... no UTF-8 mapping file for font encoding U
Now handling font encoding PD1 ...
... no UTF-8 mapping file for font encoding PD1
   defining Unicode char U+00A9 (decimal 169)
   defining Unicode char U+00AA (decimal 170)
   defining Unicode char U+00AE (decimal 174)
   defining Unicode char U+00BA (decimal 186)
   defining Unicode char U+02C6 (decimal 710)
   defining Unicode char U+02DC (decimal 732)
   defining Unicode char U+200C (decimal 8204)
   defining Unicode char U+2026 (decimal 8230)
   defining Unicode char U+2122 (decimal 8482)
   defining Unicode char U+2423 (decimal 9251)
))
(/usr/share/texlive/texmf-dist/tex/latex/graphics/graphicx.sty
Package: graphicx 2014/10/28 v1.0g Enhanced LaTeX Graphics (DPC,SPQR)

(/usr/share/texlive/texmf-dist/tex/latex/graphics/graphics.sty
Package: graphics 2016/01/03 v1.0q Standard LaTeX Graphics (DPC,SPQR)

(/usr/share/texlive/texmf-dist/tex/latex/graphics/trig.sty
Package: trig 2016/01/03 v1.10 sin cos tan (DPC)
)
(/usr/share/texlive/texmf-dist/tex/latex/latexconfig/graphics.cfg
File: graphics.cfg 2010/04/23 v1.9 graphics configuration of TeX Live
)
Package graphics Info: Driver file: pdftex.def on input line 95.

(/usr/share/texlive/texmf-dist/tex/latex/pdftex-def/pdftex.def
File: pdftex.def 2011/05/27 v0.06d Graphics/color for pdfTeX
\Gread@gobject=\count117
))
\Gin@req@height=\dimen145
\Gin@req@width=\dimen146
)
(/usr/share/texlive/texmf-dist/tex/latex/subfigure/subfigure.sty
Package: subfigure 2002/03/15 v2.1.5 subfigure package
\subfigtopskip=\skip46
\subfigcapskip=\skip47
\subfigcaptopadj=\dimen147
\subfigbottomskip=\skip48
\subfigcapmargin=\dimen148
\subfiglabelskip=\skip49
\c@subfigure=\count118
\c@lofdepth=\count119
\c@subtable=\count120
\c@lotdepth=\count121

****************************************
* Local config file subfigure.cfg used *
****************************************
(/usr/share/texlive/texmf-dist/tex/latex/subfigure/subfigure.cfg)
\subfig@top=\skip50
\subfig@bottom=\skip51
)
(/usr/share/texlive/texmf-dist/tex/latex/psnfss/times.sty
Package: times 2005/04/12 PSNFSS-v9.2a (SPQR) 
)
(/usr/share/texlive/texmf-dist/tex/latex/amsmath/amsmath.sty
Package: amsmath 2016/03/03 v2.15a AMS math features
\@mathmargin=\skip52

For additional information on amsmath, use the `?' option.
(/usr/share/texlive/texmf-dist/tex/latex/amsmath/amstext.sty
Package: amstext 2000/06/29 v2.01 AMS text

(/usr/share/texlive/texmf-dist/tex/latex/amsmath/amsgen.sty
File: amsgen.sty 1999/11/30 v2.0 generic functions
\@emptytoks=\toks21
\ex@=\dimen149
))
(/usr/share/texlive/texmf-dist/tex/latex/amsmath/amsbsy.sty
Package: amsbsy 1999/11/29 v1.2d Bold Symbols
\pmbraise@=\dimen150
)
(/usr/share/texlive/texmf-dist/tex/latex/amsmath/amsopn.sty
Package: amsopn 1999/12/14 v2.01 operator names
)
\inf@bad=\count122
LaTeX Info: Redefining \frac on input line 199.
\uproot@=\count123
\leftroot@=\count124
LaTeX Info: Redefining \overline on input line 297.
\classnum@=\count125
\DOTSCASE@=\count126
LaTeX Info: Redefining \ldots on input line 394.
LaTeX Info: Redefining \dots on input line 397.
LaTeX Info: Redefining \cdots on input line 518.
\Mathstrutbox@=\box54
\strutbox@=\box55
\big@size=\dimen151
LaTeX Font Info:    Redeclaring font encoding OML on input line 630.
LaTeX Font Info:    Redeclaring font encoding OMS on input line 631.
\macc@depth=\count127
\c@MaxMatrixCols=\count128
\dotsspace@=\muskip11
\c@parentequation=\count129
\dspbrk@lvl=\count130
\tag@help=\toks22
\row@=\count131
\column@=\count132
\maxfields@=\count133
\andhelp@=\toks23
\eqnshift@=\dimen152
\alignsep@=\dimen153
\tagshift@=\dimen154
\tagwidth@=\dimen155
\totwidth@=\dimen156
\lineht@=\dimen157
\@envbody=\toks24
\multlinegap=\skip53
\multlinetaggap=\skip54
\mathdisplay@stack=\toks25
LaTeX Info: Redefining \[ on input line 2735.
LaTeX Info: Redefining \] on input line 2736.
)
(/usr/share/texlive/texmf-dist/tex/latex/wrapfig/wrapfig.sty
\wrapoverhang=\dimen158
\WF@size=\dimen159
\c@WF@wrappedlines=\count134
\WF@box=\box56
\WF@everypar=\toks26
Package: wrapfig 2003/01/31  v 3.6
)
(/usr/share/texlive/texmf-dist/tex/latex/lipsum/lipsum.sty
Package: lipsum 2014/07/27 v1.3 150 paragraphs of Lorem Ipsum dummy text
\c@lips@count=\count135
)
(/usr/share/texlive/texmf-dist/tex/latex/listings/listings.sty
\lst@mode=\count136
\lst@gtempboxa=\box57
\lst@token=\toks27
\lst@length=\count137
\lst@currlwidth=\dimen160
\lst@column=\count138
\lst@pos=\count139
\lst@lostspace=\dimen161
\lst@width=\dimen162
\lst@newlines=\count140
\lst@lineno=\count141
\lst@maxwidth=\dimen163

(/usr/share/texlive/texmf-dist/tex/latex/listings/lstmisc.sty
File: lstmisc.sty 2015/06/04 1.6 (Carsten Heinz)
\c@lstnumber=\count142
\lst@skipnumbers=\count143
\lst@framebox=\box58
)
(/usr/share/texlive/texmf-dist/tex/latex/listings/listings.cfg
File: listings.cfg 2015/06/04 1.6 listings configuration
))
Package: listings 2015/06/04 1.6 (Carsten Heinz)

(/usr/share/texlive/texmf-dist/tex/latex/graphics/color.sty
Package: color 2016/01/03 v1.1b Standard LaTeX Color (DPC)

(/usr/share/texlive/texmf-dist/tex/latex/latexconfig/color.cfg
File: color.cfg 2007/01/18 v1.5 color configuration of teTeX/TeXLive
)
Package color Info: Driver file: pdftex.def on input line 143.
)
(/usr/share/texlive/texmf-dist/tex/latex/braket/braket.sty)
(/usr/share/texlive/texmf-dist/tex/latex/amscls/amsthm.sty
Package: amsthm 2015/03/04 v2.20.2
\thm@style=\toks28
\thm@bodyfont=\toks29
\thm@headfont=\toks30
\thm@notefont=\toks31
\thm@headpunct=\toks32
\thm@preskip=\skip55
\thm@postskip=\skip56
\thm@headsep=\skip57
\dth@everypar=\toks33
)
(/usr/share/texlive/texmf-dist/tex/latex/cancel/cancel.sty
Package: cancel 2013/04/12 v2.2 Cancel math terms
)
(/usr/share/texlive/texmf-dist/tex/latex/listings/lstlang1.sty
File: lstlang1.sty 2015/06/04 1.6 listings language file
)
(/usr/share/texlive/texmf-dist/tex/latex/listings/lstlang1.sty
File: lstlang1.sty 2015/06/04 1.6 listings language file
)
(/usr/share/texlive/texmf-dist/tex/latex/listings/lstmisc.sty
File: lstmisc.sty 2015/06/04 1.6 (Carsten Heinz)
)
(/usr/share/texlive/texmf-dist/tex/latex/lettrine/lettrine.sty
File: lettrine.sty 2015/08/31 v1.9 (Daniel Flipo)
\c@DefaultLines=\count144
\c@DefaultDepth=\count145
\DefaultFindent=\dimen164
\DefaultNindent=\dimen165
\DefaultSlope=\dimen166
\DiscardVskip=\dimen167
\L@lbox=\box59
\L@tbox=\box60
\c@L@lines=\count146
\c@L@depth=\count147
\L@Pindent=\dimen168
\L@Findent=\dimen169
\L@Nindent=\dimen170
\L@lraise=\dimen171
\L@first=\dimen172
\L@next=\dimen173
\L@slope=\dimen174
\L@height=\dimen175
\L@novskip=\dimen176
\LettrineWidth=\dimen177
\LettrineHeight=\dimen178
\LettrineDepth=\dimen179

Loading lettrine.cfg
(/usr/share/texlive/texmf-dist/tex/latex/lettrine/lettrine.cfg))
(/usr/share/texlive/texmf-dist/tex/latex/paralist/paralist.sty
Package: paralist 2015/12/30 v2.5 Extended list environments
\pltopsep=\skip58
\plpartopsep=\skip59
\plitemsep=\skip60
\plparsep=\skip61
\pl@lab=\toks34
)
(/usr/share/texlive/texmf-dist/tex/latex/base/fontenc.sty
Package: fontenc 2005/09/27 v1.99g Standard LaTeX package

(/usr/share/texlive/texmf-dist/tex/latex/base/t1enc.def
File: t1enc.def 2005/09/27 v1.99g Standard LaTeX file
LaTeX Font Info:    Redeclaring font encoding T1 on input line 48.
))
(/usr/share/texlive/texmf-dist/tex/latex/jknapltx/mathrsfs.sty
Package: mathrsfs 1996/01/01 Math RSFS package v1.0 (jk)
\symrsfs=\mathgroup5
)
\c@theorem=\count148
 (./Tesis.aux
LaTeX Info: Redefining \. on input line 23.
LaTeX Info: Redefining \% on input line 23.


LaTeX Warning: Label `fig:ej_diag_fases' multiply defined.


LaTeX Warning: Label `fig:ej_diag_fases' multiply defined.


LaTeX Warning: Label `fig:exclusion_dorso' multiply defined.

)
\openout1 = `Tesis.aux'.

LaTeX Font Info:    Checking defaults for OML/cmm/m/it on input line 65.
LaTeX Font Info:    ... okay on input line 65.
LaTeX Font Info:    Checking defaults for T1/cmr/m/n on input line 65.
LaTeX Font Info:    ... okay on input line 65.
LaTeX Font Info:    Checking defaults for OT1/cmr/m/n on input line 65.
LaTeX Font Info:    ... okay on input line 65.
LaTeX Font Info:    Checking defaults for OMS/cmsy/m/n on input line 65.
LaTeX Font Info:    ... okay on input line 65.
LaTeX Font Info:    Checking defaults for OMX/cmex/m/n on input line 65.
LaTeX Font Info:    ... okay on input line 65.
LaTeX Font Info:    Checking defaults for U/cmr/m/n on input line 65.
LaTeX Font Info:    ... okay on input line 65.
LaTeX Font Info:    Checking defaults for PD1/pdf/m/n on input line 65.
LaTeX Font Info:    ... okay on input line 65.
LaTeX Font Info:    Try loading font information for T1+ptm on input line 65.
 (/usr/share/texlive/texmf-dist/tex/latex/psnfss/t1ptm.fd
File: t1ptm.fd 2001/06/04 font definitions for T1/ptm.
)
*geometry* driver: auto-detecting
*geometry* detected driver: pdftex
*geometry* verbose mode - [ preamble ] result:
* driver: pdftex
* paper: <default>
* layout: <same size as paper>
* layoutoffset:(h,v)=(0.0pt,0.0pt)
* hratio: 1:1
* modes: twoside 
* h-part:(L,W,R)=(22.61993pt, 569.05511pt, 22.61995pt)
* v-part:(T,H,B)=(56.9055pt, 674.33022pt, 63.73427pt)
* \paperwidth=614.295pt
* \paperheight=794.96999pt
* \textwidth=569.05511pt
* \textheight=674.33022pt
* \oddsidemargin=-49.65005pt
* \evensidemargin=-49.65004pt
* \topmargin=-52.36449pt
* \headheight=12.0pt
* \headsep=25.0pt
* \topskip=12.0pt
* \footskip=30.0pt
* \marginparwidth=95.0pt
* \marginparsep=10.0pt
* \columnsep=15.0pt
* \skip\footins=10.8pt plus 4.0pt minus 2.0pt
* \hoffset=0.0pt
* \voffset=0.0pt
* \mag=1000
* \@twocolumnfalse
* \@twosidetrue
* \@mparswitchtrue
* \@reversemarginfalse
* (1in=72.27pt=25.4mm, 1cm=28.453pt)

Package caption Info: Begin \AtBeginDocument code.
Package caption Info: float package is loaded.
Package caption Info: hyperref package is loaded.
Package caption Info: listings package is loaded.
Package caption Info: subfigure package is loaded.
Package caption Info: wrapfig package is loaded.
Package caption Info: End \AtBeginDocument code.
\AtBeginShipoutBox=\box61
Package hyperref Info: Link coloring OFF on input line 65.
(/usr/share/texlive/texmf-dist/tex/latex/hyperref/nameref.sty
Package: nameref 2012/10/27 v2.43 Cross-referencing by name of section

(/usr/share/texlive/texmf-dist/tex/generic/oberdiek/gettitlestring.sty
Package: gettitlestring 2010/12/03 v1.4 Cleanup title references (HO)
)
\c@section@level=\count149
)
LaTeX Info: Redefining \ref on input line 65.
LaTeX Info: Redefining \pageref on input line 65.
LaTeX Info: Redefining \nameref on input line 65.

(./Tesis.out) (./Tesis.out)
\@outlinefile=\write3
\openout3 = `Tesis.out'.

LaTeX Info: Redefining \. on input line 65.
LaTeX Info: Redefining \% on input line 65.

(/usr/share/texlive/texmf-dist/tex/context/base/supp-pdf.mkii
[Loading MPS to PDF converter (version 2006.09.02).]
\scratchcounter=\count150
\scratchdimen=\dimen180
\scratchbox=\box62
\nofMPsegments=\count151
\nofMParguments=\count152
\everyMPshowfont=\toks35
\MPscratchCnt=\count153
\MPscratchDim=\dimen181
\MPnumerator=\count154
\makeMPintoPDFobject=\count155
\everyMPtoPDFconversion=\toks36
) (/usr/share/texlive/texmf-dist/tex/latex/oberdiek/epstopdf-base.sty
Package: epstopdf-base 2010/02/09 v2.5 Base part for package epstopdf

(/usr/share/texlive/texmf-dist/tex/latex/oberdiek/grfext.sty
Package: grfext 2010/08/19 v1.1 Manage graphics extensions (HO)
)
Package grfext Info: Graphics extension search list:
(grfext)             [.png,.pdf,.jpg,.mps,.jpeg,.jbig2,.jb2,.PNG,.PDF,.JPG,.JPE
G,.JBIG2,.JB2,.eps]
(grfext)             \AppendGraphicsExtensions on input line 452.

(/usr/share/texlive/texmf-dist/tex/latex/latexconfig/epstopdf-sys.cfg
File: epstopdf-sys.cfg 2010/07/13 v1.3 Configuration of (r)epstopdf for TeX Liv
e
))
\c@lstlisting=\count156
LaTeX Font Info:    Font shape `T1/ptm/bx/n' in size <17.28> not available
(Font)              Font shape `T1/ptm/b/n' tried instead on input line 67.

(./introduccion.tex
LaTeX Font Info:    Font shape `T1/ptm/bx/n' in size <14.4> not available
(Font)              Font shape `T1/ptm/b/n' tried instead on input line 1.
LaTeX Font Info:    Try loading font information for OT1+pplx on input line 4.
 (/usr/share/texlive/texmf-dist/tex/latex/psnfss/ot1pplx.fd
File: ot1pplx.fd 2004/09/06 font definitions for OT1/pplx.
)
LaTeX Font Info:    Try loading font information for OML+zplm on input line 4.
(/usr/share/texlive/texmf-dist/tex/latex/psnfss/omlzplm.fd
File: omlzplm.fd 2002/09/08 Fontinst v1.914 font definitions for OML/zplm.
)
LaTeX Font Info:    Try loading font information for OMS+zplm on input line 4.

(/usr/share/texlive/texmf-dist/tex/latex/psnfss/omszplm.fd
File: omszplm.fd 2002/09/08 Fontinst v1.914 font definitions for OMS/zplm.
)
LaTeX Font Info:    Try loading font information for OMX+zplm on input line 4.

(/usr/share/texlive/texmf-dist/tex/latex/psnfss/omxzplm.fd
File: omxzplm.fd 2002/09/08 Fontinst v1.914 font definitions for OMX/zplm.
)
LaTeX Font Info:    Try loading font information for OT1+zplm on input line 4.

(/usr/share/texlive/texmf-dist/tex/latex/psnfss/ot1zplm.fd
File: ot1zplm.fd 2002/09/08 Fontinst v1.914 font definitions for OT1/zplm.
)
LaTeX Font Info:    Try loading font information for U+rsfs on input line 4.

(/usr/share/texlive/texmf-dist/tex/latex/jknapltx/ursfs.fd
File: ursfs.fd 1998/03/24 rsfs font definition file (jk)
) [1

{/var/lib/texmf/fonts/map/pdftex/updmap/pdftex.map}]
LaTeX Font Info:    Font shape `T1/ptm/bx/n' in size <12> not available
(Font)              Font shape `T1/ptm/b/n' tried instead on input line 39.
 [2]
LaTeX Font Info:    Try loading font information for U+fplmbb on input line 86.


(/usr/share/texlive/texmf-dist/tex/latex/psnfss/ufplmbb.fd
File: ufplmbb.fd 2003/10/30 Fontinst v1.914 font definitions for U/fplmbb.
) [3] [4] [5]
[6] [7] [8] [9] [10] [11]) [12] (./choque1d.tex [13] [14] [15] [16] [17]
LaTeX Font Info:    Font shape `T1/ptm/bx/n' in size <10.95> not available
(Font)              Font shape `T1/ptm/b/n' tried instead on input line 185.

<Imagenes/choque1d/curvas_teo_1.png, id=276, 578.16pt x 433.62pt>
File: Imagenes/choque1d/curvas_teo_1.png Graphic file (type png)

<use Imagenes/choque1d/curvas_teo_1.png>
Package pdftex.def Info: Imagenes/choque1d/curvas_teo_1.png used on input line 
191.
(pdftex.def)             Requested size: 256.07306pt x 192.05052pt.

<Imagenes/choque1d/curvas_teo_2.png, id=278, 578.16pt x 433.62pt>
File: Imagenes/choque1d/curvas_teo_2.png Graphic file (type png)

<use Imagenes/choque1d/curvas_teo_2.png>
Package pdftex.def Info: Imagenes/choque1d/curvas_teo_2.png used on input line 
192.
(pdftex.def)             Requested size: 256.07306pt x 192.05052pt.

<Imagenes/choque1d/curvas_teo_3.png, id=279, 578.16pt x 433.62pt>
File: Imagenes/choque1d/curvas_teo_3.png Graphic file (type png)

<use Imagenes/choque1d/curvas_teo_3.png>
Package pdftex.def Info: Imagenes/choque1d/curvas_teo_3.png used on input line 
193.
(pdftex.def)             Requested size: 256.07306pt x 192.05052pt.

<Imagenes/choque1d/curvas_teo_4.png, id=280, 578.16pt x 433.62pt>
File: Imagenes/choque1d/curvas_teo_4.png Graphic file (type png)

<use Imagenes/choque1d/curvas_teo_4.png>
Package pdftex.def Info: Imagenes/choque1d/curvas_teo_4.png used on input line 
194.
(pdftex.def)             Requested size: 256.07306pt x 192.05052pt.


LaTeX Warning: `h' float specifier changed to `ht'.

[18] <Imagenes/choque1d/AvsD_solo_teo.png, id=292, 578.16pt x 433.62pt>
File: Imagenes/choque1d/AvsD_solo_teo.png Graphic file (type png)

<use Imagenes/choque1d/AvsD_solo_teo.png>
Package pdftex.def Info: Imagenes/choque1d/AvsD_solo_teo.png used on input line
 224.
(pdftex.def)             Requested size: 455.24582pt x 341.43124pt.


LaTeX Warning: `h' float specifier changed to `ht'.

<Imagenes/choque1d/AvsD_cota_teo.png, id=299, 578.16pt x 433.62pt>
File: Imagenes/choque1d/AvsD_cota_teo.png Graphic file (type png)

<use Imagenes/choque1d/AvsD_cota_teo.png>
Package pdftex.def Info: Imagenes/choque1d/AvsD_cota_teo.png used on input line
 236.
(pdftex.def)             Requested size: 455.24582pt x 341.43124pt.


LaTeX Warning: `h' float specifier changed to `ht'.


Underfull \vbox (badness 2990) has occurred while \output is active []

 [19 <./Imagenes/choque1d/curvas_teo_1.png> <./Imagenes/choque1d/curvas_teo_2.p
ng> <./Imagenes/choque1d/curvas_teo_3.png> <./Imagenes/choque1d/curvas_teo_4.pn
g>]
Underfull \vbox (badness 4739) has occurred while \output is active []

 [20 <./Imagenes/choque1d/AvsD_solo_teo.png>]

LaTeX Warning: `h' float specifier changed to `ht'.

[21 <./Imagenes/choque1d/AvsD_cota_teo.png>]
<Imagenes/choque1d/energia_euler_0,01.png, id=336, 578.16pt x 433.62pt>
File: Imagenes/choque1d/energia_euler_0,01.png Graphic file (type png)

<use Imagenes/choque1d/energia_euler_0,01.png>
Package pdftex.def Info: Imagenes/choque1d/energia_euler_0,01.png used on input
 line 312.
(pdftex.def)             Requested size: 182.10179pt x 154.16917pt.

<Imagenes/choque1d/energia_rk2_0,01.png, id=338, 578.16pt x 433.62pt>
File: Imagenes/choque1d/energia_rk2_0,01.png Graphic file (type png)

<use Imagenes/choque1d/energia_rk2_0,01.png>
Package pdftex.def Info: Imagenes/choque1d/energia_rk2_0,01.png used on input l
ine 313.
(pdftex.def)             Requested size: 182.10179pt x 154.16917pt.

<Imagenes/choque1d/energia_mpr_0,01.png, id=340, 578.16pt x 433.62pt>
File: Imagenes/choque1d/energia_mpr_0,01.png Graphic file (type png)

<use Imagenes/choque1d/energia_mpr_0,01.png>
Package pdftex.def Info: Imagenes/choque1d/energia_mpr_0,01.png used on input l
ine 314.
(pdftex.def)             Requested size: 182.10179pt x 154.16917pt.


LaTeX Warning: `h' float specifier changed to `ht'.

[22] <Imagenes/choque1d/fluct_vs_h.png, id=348, 578.16pt x 433.62pt>
File: Imagenes/choque1d/fluct_vs_h.png Graphic file (type png)

<use Imagenes/choque1d/fluct_vs_h.png>
Package pdftex.def Info: Imagenes/choque1d/fluct_vs_h.png used on input line 32
5.
(pdftex.def)             Requested size: 341.43654pt x 258.34789pt.


LaTeX Warning: `h' float specifier changed to `ht'.

<Imagenes/choque1d/fases.png, id=351, 1675.2186pt x 922.8879pt>
File: Imagenes/choque1d/fases.png Graphic file (type png)

<use Imagenes/choque1d/fases.png>
Package pdftex.def Info: Imagenes/choque1d/fases.png used on input line 345.
(pdftex.def)             Requested size: 512.14612pt x 282.13522pt.


LaTeX Warning: `h' float specifier changed to `ht'.

[23 <./Imagenes/choque1d/energia_euler_0,01.png> <./Imagenes/choque1d/energia_r
k2_0,01.png> <./Imagenes/choque1d/energia_mpr_0,01.png>] [24 <./Imagenes/choque
1d/fluct_vs_h.png>]
<Imagenes/choque1d/vol_fas_0,01.png, id=380, 578.16pt x 433.62pt>
File: Imagenes/choque1d/vol_fas_0,01.png Graphic file (type png)

<use Imagenes/choque1d/vol_fas_0,01.png>
Package pdftex.def Info: Imagenes/choque1d/vol_fas_0,01.png used on input line 
374.
(pdftex.def)             Requested size: 182.10179pt x 137.78595pt.

<Imagenes/choque1d/vol_fas_0,005.png, id=382, 578.16pt x 433.62pt>
File: Imagenes/choque1d/vol_fas_0,005.png Graphic file (type png)

<use Imagenes/choque1d/vol_fas_0,005.png>
Package pdftex.def Info: Imagenes/choque1d/vol_fas_0,005.png used on input line
 375.
(pdftex.def)             Requested size: 182.10179pt x 137.78595pt.

<Imagenes/choque1d/vol_fas_0,001.png, id=384, 578.16pt x 433.62pt>
File: Imagenes/choque1d/vol_fas_0,001.png Graphic file (type png)

<use Imagenes/choque1d/vol_fas_0,001.png>
Package pdftex.def Info: Imagenes/choque1d/vol_fas_0,001.png used on input line
 376.
(pdftex.def)             Requested size: 182.10179pt x 137.78595pt.


LaTeX Warning: `h' float specifier changed to `ht'.

[25 <./Imagenes/choque1d/fases.png>]
LaTeX Font Info:    Font shape `T1/ptm/bx/it' in size <12> not available
(Font)              Font shape `T1/ptm/b/it' tried instead on input line 405.


LaTeX Warning: Reference `fig:ej_fases' on page 26 undefined on input line 415.



Underfull \vbox (badness 3884) has occurred while \output is active []

 [26 <./Imagenes/choque1d/vol_fas_0,01.png> <./Imagenes/choque1d/vol_fas_0,005.
png> <./Imagenes/choque1d/vol_fas_0,001.png>]
<Imagenes/choque1d/AvsD_full_teo.pdf, id=411, 578.16pt x 433.61996pt>
File: Imagenes/choque1d/AvsD_full_teo.pdf Graphic file (type pdf)

<use Imagenes/choque1d/AvsD_full_teo.pdf>
Package pdftex.def Info: Imagenes/choque1d/AvsD_full_teo.pdf used on input line
 420.
(pdftex.def)             Requested size: 569.05511pt x 430.60039pt.

<Imagenes/choque1d/pinfvsD.png, id=415, 578.16pt x 433.62pt>
File: Imagenes/choque1d/pinfvsD.png Graphic file (type png)

<use Imagenes/choque1d/pinfvsD.png>
Package pdftex.def Info: Imagenes/choque1d/pinfvsD.png used on input line 434.
(pdftex.def)             Requested size: 426.79134pt x 322.92868pt.

Underfull \vbox (badness 10000) has occurred while \output is active []

 [27 <./Imagenes/choque1d/AvsD_full_teo.pdf>]) [28 <./Imagenes/choque1d/pinfvsD
.png>]
(./gas_pauli.tex

LaTeX Warning: Reference `' on page 29 undefined on input line 19.

<Imagenes/pauli_gas/tiempo_vs_N.png, id=454, 578.16pt x 433.62pt>
File: Imagenes/pauli_gas/tiempo_vs_N.png Graphic file (type png)

<use Imagenes/pauli_gas/tiempo_vs_N.png>
Package pdftex.def Info: Imagenes/pauli_gas/tiempo_vs_N.png used on input line 
25.
(pdftex.def)             Requested size: 341.43654pt x 256.07838pt.


LaTeX Warning: `h' float specifier changed to `ht'.

[29] [30 <./Imagenes/pauli_gas/tiempo_vs_N.png>] [31]
<Imagenes/pauli_gas/phase_diagram_LJ.png, id=482, 621.32124pt x 539.01375pt>
File: Imagenes/pauli_gas/phase_diagram_LJ.png Graphic file (type png)

<use Imagenes/pauli_gas/phase_diagram_LJ.png>
Package pdftex.def Info: Imagenes/pauli_gas/phase_diagram_LJ.png used on input 
line 105.
(pdftex.def)             Requested size: 227.61856pt x 197.46626pt.
 [32 <./Imagenes/pauli_gas/phase_diagram_LJ.png>]
<Imagenes/pauli_gas/hist_rho0_dorso.png, id=499, 1675.2186pt x 922.8879pt>
File: Imagenes/pauli_gas/hist_rho0_dorso.png Graphic file (type png)

<use Imagenes/pauli_gas/hist_rho0_dorso.png>
Package pdftex.def Info: Imagenes/pauli_gas/hist_rho0_dorso.png used on input l
ine 133.
(pdftex.def)             Requested size: 512.14612pt x 282.13522pt.

<Imagenes/pauli_gas/hist_rho1_dorso.png, id=502, 1675.2186pt x 922.8879pt>
File: Imagenes/pauli_gas/hist_rho1_dorso.png Graphic file (type png)

<use Imagenes/pauli_gas/hist_rho1_dorso.png>
Package pdftex.def Info: Imagenes/pauli_gas/hist_rho1_dorso.png used on input l
ine 140.
(pdftex.def)             Requested size: 512.14612pt x 282.13522pt.

<Imagenes/pauli_gas/hist_rho2_dorso.png, id=505, 1675.2186pt x 922.8879pt>
File: Imagenes/pauli_gas/hist_rho2_dorso.png Graphic file (type png)

<use Imagenes/pauli_gas/hist_rho2_dorso.png>
Package pdftex.def Info: Imagenes/pauli_gas/hist_rho2_dorso.png used on input l
ine 146.
(pdftex.def)             Requested size: 512.14612pt x 282.13522pt.

Underfull \vbox (badness 10000) has occurred while \output is active []

 [33 <./Imagenes/pauli_gas/hist_rho0_dorso.png>]
Underfull \vbox (badness 1622) has occurred while \output is active []

 [34 <./Imagenes/pauli_gas/hist_rho1_dorso.png> <./Imagenes/pauli_gas/hist_rho2
_dorso.png>] <Imagenes/pauli_gas/muvsT_rho0_dorso.png, id=523, 578.16pt x 433.6
2pt>
File: Imagenes/pauli_gas/muvsT_rho0_dorso.png Graphic file (type png)

<use Imagenes/pauli_gas/muvsT_rho0_dorso.png>
Package pdftex.def Info: Imagenes/pauli_gas/muvsT_rho0_dorso.png used on input 
line 178.
(pdftex.def)             Requested size: 187.78922pt x 155.33319pt.

<Imagenes/pauli_gas/muvsT_rho1_dorso.png, id=525, 578.16pt x 433.62pt>
File: Imagenes/pauli_gas/muvsT_rho1_dorso.png Graphic file (type png)

<use Imagenes/pauli_gas/muvsT_rho1_dorso.png>
Package pdftex.def Info: Imagenes/pauli_gas/muvsT_rho1_dorso.png used on input 
line 179.
(pdftex.def)             Requested size: 187.78922pt x 155.33319pt.

<Imagenes/pauli_gas/muvsT_rho2_dorso.png, id=527, 578.16pt x 433.62pt>
File: Imagenes/pauli_gas/muvsT_rho2_dorso.png Graphic file (type png)

<use Imagenes/pauli_gas/muvsT_rho2_dorso.png>
Package pdftex.def Info: Imagenes/pauli_gas/muvsT_rho2_dorso.png used on input 
line 180.
(pdftex.def)             Requested size: 187.78922pt x 155.33319pt.

<Imagenes/pauli_gas/TvsT_dorso.png, id=529, 578.16pt x 433.62pt>
File: Imagenes/pauli_gas/TvsT_dorso.png Graphic file (type png)

<use Imagenes/pauli_gas/TvsT_dorso.png>
Package pdftex.def Info: Imagenes/pauli_gas/TvsT_dorso.png used on input line 1
86.
(pdftex.def)             Requested size: 284.52756pt x 235.35799pt.

Underfull \vbox (badness 10000) has occurred while \output is active []

 [35]
<Imagenes/pauli_gas/hist_rho0_maruyama.png, id=541, 1675.2186pt x 922.8879pt>
File: Imagenes/pauli_gas/hist_rho0_maruyama.png Graphic file (type png)

<use Imagenes/pauli_gas/hist_rho0_maruyama.png>
Package pdftex.def Info: Imagenes/pauli_gas/hist_rho0_maruyama.png used on inpu
t line 204.
(pdftex.def)             Requested size: 512.14612pt x 282.13522pt.
 [36 <./Imagenes/pauli_gas/muvsT_rho0_dorso.png> <./Imagenes/pauli_gas/muvsT_rh
o1_dorso.png> <./Imagenes/pauli_gas/muvsT_rho2_dorso.png> <./Imagenes/pauli_gas
/TvsT_dorso.png>]
<Imagenes/pauli_gas/hist_rho1_maruyama.png, id=559, 1675.2186pt x 922.8879pt>
File: Imagenes/pauli_gas/hist_rho1_maruyama.png Graphic file (type png)

<use Imagenes/pauli_gas/hist_rho1_maruyama.png>
Package pdftex.def Info: Imagenes/pauli_gas/hist_rho1_maruyama.png used on inpu
t line 210.
(pdftex.def)             Requested size: 512.14612pt x 282.13522pt.

<Imagenes/pauli_gas/hist_rho2_maruyama.png, id=562, 1675.2186pt x 922.8879pt>
File: Imagenes/pauli_gas/hist_rho2_maruyama.png Graphic file (type png)

<use Imagenes/pauli_gas/hist_rho2_maruyama.png>
Package pdftex.def Info: Imagenes/pauli_gas/hist_rho2_maruyama.png used on inpu
t line 216.
(pdftex.def)             Requested size: 512.14612pt x 282.13522pt.

Underfull \vbox (badness 10000) has occurred while \output is active []

 [37 <./Imagenes/pauli_gas/hist_rho0_maruyama.png>]
Underfull \vbox (badness 1622) has occurred while \output is active []

 [38 <./Imagenes/pauli_gas/hist_rho1_maruyama.png> <./Imagenes/pauli_gas/hist_r
ho2_maruyama.png>]
<Imagenes/pauli_gas/muvsT_rho0_maruyama.png, id=579, 578.16pt x 433.62pt>
File: Imagenes/pauli_gas/muvsT_rho0_maruyama.png Graphic file (type png)

<use Imagenes/pauli_gas/muvsT_rho0_maruyama.png>
Package pdftex.def Info: Imagenes/pauli_gas/muvsT_rho0_maruyama.png used on inp
ut line 225.
(pdftex.def)             Requested size: 187.78922pt x 155.33319pt.

<Imagenes/pauli_gas/muvsT_rho1_maruyama.png, id=581, 578.16pt x 433.62pt>
File: Imagenes/pauli_gas/muvsT_rho1_maruyama.png Graphic file (type png)

<use Imagenes/pauli_gas/muvsT_rho1_maruyama.png>
Package pdftex.def Info: Imagenes/pauli_gas/muvsT_rho1_maruyama.png used on inp
ut line 226.
(pdftex.def)             Requested size: 187.78922pt x 155.33319pt.

<Imagenes/pauli_gas/muvsT_rho2_maruyama.png, id=583, 578.16pt x 433.62pt>
File: Imagenes/pauli_gas/muvsT_rho2_maruyama.png Graphic file (type png)

<use Imagenes/pauli_gas/muvsT_rho2_maruyama.png>
Package pdftex.def Info: Imagenes/pauli_gas/muvsT_rho2_maruyama.png used on inp
ut line 227.
(pdftex.def)             Requested size: 187.78922pt x 155.33319pt.

<Imagenes/pauli_gas/TvsT_maruyama.png, id=585, 578.16pt x 433.62pt>
File: Imagenes/pauli_gas/TvsT_maruyama.png Graphic file (type png)

<use Imagenes/pauli_gas/TvsT_maruyama.png>
Package pdftex.def Info: Imagenes/pauli_gas/TvsT_maruyama.png used on input lin
e 233.
(pdftex.def)             Requested size: 284.52756pt x 235.35799pt.

<Imagenes/pauli_gas/hist_rho0_LJ.png, id=589, 1675.2186pt x 922.8879pt>
File: Imagenes/pauli_gas/hist_rho0_LJ.png Graphic file (type png)

<use Imagenes/pauli_gas/hist_rho0_LJ.png>
Package pdftex.def Info: Imagenes/pauli_gas/hist_rho0_LJ.png used on input line
 272.
(pdftex.def)             Requested size: 512.14612pt x 282.13522pt.

Underfull \vbox (badness 10000) has occurred while \output is active []

 [39 <./Imagenes/pauli_gas/muvsT_rho0_maruyama.png> <./Imagenes/pauli_gas/muvsT
_rho1_maruyama.png> <./Imagenes/pauli_gas/muvsT_rho2_maruyama.png> <./Imagenes/
pauli_gas/TvsT_maruyama.png>]
<Imagenes/pauli_gas/hist_rho1_LJ.png, id=606, 1675.2186pt x 922.8879pt>
File: Imagenes/pauli_gas/hist_rho1_LJ.png Graphic file (type png)

<use Imagenes/pauli_gas/hist_rho1_LJ.png>
Package pdftex.def Info: Imagenes/pauli_gas/hist_rho1_LJ.png used on input line
 280.
(pdftex.def)             Requested size: 512.14612pt x 282.13522pt.

Underfull \vbox (badness 10000) has occurred while \output is active []

 [40 <./Imagenes/pauli_gas/hist_rho0_LJ.png>]
<Imagenes/pauli_gas/exclusion_rho0_dorso_0,01.png, id=612, 578.16pt x 433.62pt>
File: Imagenes/pauli_gas/exclusion_rho0_dorso_0,01.png Graphic file (type png)
<use Imagenes/pauli_gas/exclusion_rho0_dorso_0,01.png>
Package pdftex.def Info: Imagenes/pauli_gas/exclusion_rho0_dorso_0,01.png used 
on input line 293.
(pdftex.def)             Requested size: 171.64397pt x 170.71826pt.

<Imagenes/pauli_gas/exclusion_rho0_dorso_0,1.png, id=614, 578.16pt x 433.62pt>
File: Imagenes/pauli_gas/exclusion_rho0_dorso_0,1.png Graphic file (type png)

<use Imagenes/pauli_gas/exclusion_rho0_dorso_0,1.png>
Package pdftex.def Info: Imagenes/pauli_gas/exclusion_rho0_dorso_0,1.png used o
n input line 294.
(pdftex.def)             Requested size: 148.48013pt x 170.71826pt.

<Imagenes/pauli_gas/exclusion_rho0_dorso_1.png, id=616, 578.16pt x 433.62pt>
File: Imagenes/pauli_gas/exclusion_rho0_dorso_1.png Graphic file (type png)

<use Imagenes/pauli_gas/exclusion_rho0_dorso_1.png>
Package pdftex.def Info: Imagenes/pauli_gas/exclusion_rho0_dorso_1.png used on 
input line 295.
(pdftex.def)             Requested size: 183.22588pt x 170.71826pt.

<Imagenes/pauli_gas/exclusion_rho1_dorso_0,01.png, id=618, 578.16pt x 433.62pt>
File: Imagenes/pauli_gas/exclusion_rho1_dorso_0,01.png Graphic file (type png)
<use Imagenes/pauli_gas/exclusion_rho1_dorso_0,01.png>
Package pdftex.def Info: Imagenes/pauli_gas/exclusion_rho1_dorso_0,01.png used 
on input line 302.
(pdftex.def)             Requested size: 171.64397pt x 170.71826pt.

<Imagenes/pauli_gas/exclusion_rho1_dorso_0,1.png, id=620, 578.16pt x 433.62pt>
File: Imagenes/pauli_gas/exclusion_rho1_dorso_0,1.png Graphic file (type png)

<use Imagenes/pauli_gas/exclusion_rho1_dorso_0,1.png>
Package pdftex.def Info: Imagenes/pauli_gas/exclusion_rho1_dorso_0,1.png used o
n input line 303.
(pdftex.def)             Requested size: 148.48013pt x 170.71826pt.

<Imagenes/pauli_gas/exclusion_rho1_dorso_1.png, id=622, 578.16pt x 433.62pt>
File: Imagenes/pauli_gas/exclusion_rho1_dorso_1.png Graphic file (type png)

<use Imagenes/pauli_gas/exclusion_rho1_dorso_1.png>
Package pdftex.def Info: Imagenes/pauli_gas/exclusion_rho1_dorso_1.png used on 
input line 304.
(pdftex.def)             Requested size: 183.22588pt x 170.71826pt.

Underfull \vbox (badness 10000) has occurred while \output is active []

 [41 <./Imagenes/pauli_gas/exclusion_rho0_dorso_0,01.png> <./Imagenes/pauli_gas
/exclusion_rho0_dorso_0,1.png> <./Imagenes/pauli_gas/exclusion_rho0_dorso_1.png
> <./Imagenes/pauli_gas/hist_rho1_LJ.png>]
<Imagenes/pauli_gas/exclusion_rho2_dorso_0,01.png, id=637, 578.16pt x 433.62pt>
File: Imagenes/pauli_gas/exclusion_rho2_dorso_0,01.png Graphic file (type png)
<use Imagenes/pauli_gas/exclusion_rho2_dorso_0,01.png>
Package pdftex.def Info: Imagenes/pauli_gas/exclusion_rho2_dorso_0,01.png used 
on input line 311.
(pdftex.def)             Requested size: 171.64397pt x 170.71826pt.

<Imagenes/pauli_gas/exclusion_rho2_dorso_0,1.png, id=639, 578.16pt x 433.62pt>
File: Imagenes/pauli_gas/exclusion_rho2_dorso_0,1.png Graphic file (type png)

<use Imagenes/pauli_gas/exclusion_rho2_dorso_0,1.png>
Package pdftex.def Info: Imagenes/pauli_gas/exclusion_rho2_dorso_0,1.png used o
n input line 312.
(pdftex.def)             Requested size: 148.48013pt x 170.71826pt.

<Imagenes/pauli_gas/exclusion_rho2_dorso_1.png, id=641, 578.16pt x 433.62pt>
File: Imagenes/pauli_gas/exclusion_rho2_dorso_1.png Graphic file (type png)

<use Imagenes/pauli_gas/exclusion_rho2_dorso_1.png>
Package pdftex.def Info: Imagenes/pauli_gas/exclusion_rho2_dorso_1.png used on 
input line 313.
(pdftex.def)             Requested size: 183.22588pt x 170.71826pt.

<Imagenes/pauli_gas/exclusion_zoom_rho0_dorso_0,01.png, id=643, 578.16pt x 433.
62pt>
File: Imagenes/pauli_gas/exclusion_zoom_rho0_dorso_0,01.png Graphic file (type 
png)
 <use Imagenes/pauli_gas/exclusion_zoom_rho0_dorso_0,01.png>
Package pdftex.def Info: Imagenes/pauli_gas/exclusion_zoom_rho0_dorso_0,01.png 
used on input line 320.
(pdftex.def)             Requested size: 171.64397pt x 170.71826pt.

<Imagenes/pauli_gas/exclusion_zoom_rho0_dorso_0,1.png, id=645, 578.16pt x 433.6
2pt>
File: Imagenes/pauli_gas/exclusion_zoom_rho0_dorso_0,1.png Graphic file (type p
ng)
 <use Imagenes/pauli_gas/exclusion_zoom_rho0_dorso_0,1.png>
Package pdftex.def Info: Imagenes/pauli_gas/exclusion_zoom_rho0_dorso_0,1.png u
sed on input line 321.
(pdftex.def)             Requested size: 148.48013pt x 170.71826pt.

<Imagenes/pauli_gas/exclusion_zoom_rho0_dorso_1.png, id=647, 578.16pt x 433.62p
t>
File: Imagenes/pauli_gas/exclusion_zoom_rho0_dorso_1.png Graphic file (type png
)
 <use Imagenes/pauli_gas/exclusion_zoom_rho0_dorso_1.png>
Package pdftex.def Info: Imagenes/pauli_gas/exclusion_zoom_rho0_dorso_1.png use
d on input line 322.
(pdftex.def)             Requested size: 183.22588pt x 170.71826pt.
) [42 <./Imagenes/pauli_gas/exclusion_rho1_dorso_0,01.png> <./Imagenes/pauli_ga
s/exclusion_rho1_dorso_0,1.png> <./Imagenes/pauli_gas/exclusion_rho1_dorso_1.pn
g> <./Imagenes/pauli_gas/exclusion_rho2_dorso_0,01.png> <./Imagenes/pauli_gas/e
xclusion_rho2_dorso_0,1.png> <./Imagenes/pauli_gas/exclusion_rho2_dorso_1.png> 
<./Imagenes/pauli_gas/exclusion_zoom_rho0_dorso_0,01.png> <./Imagenes/pauli_gas
/exclusion_zoom_rho0_dorso_0,1.png> <./Imagenes/pauli_gas/exclusion_zoom_rho0_d
orso_1.png>]
[43] (./apendice.tex
Overfull \hbox (3.23763pt too wide) in paragraph at lines 8--10
\T1/ptm/m/n/12 ni-co por sim-pli-ci-dad. En es-te en-sam-ble, la (den-si-dad de
) pro-ba-bi-li-dad de un da-do mi-cro-es-ta-do $\OML/zplm/m/it/12 x \OT1/zplm/m
/n/12 = (\OT1/zplm/b/n/12 q[]\OT1/pplx/m/n/12 , .., \OT1/zplm/b/n/12 q[]\OT1/pp
lx/m/n/12 , \OT1/zplm/b/n/12 p[]\OT1/pplx/m/n/12 , .., \OT1/zplm/b/n/12 p[]\OT1
/zplm/m/n/12 )$
 []

[44] [45]
LaTeX Font Info:    Try loading font information for T1+pcr on input line 84.
 (/usr/share/texlive/texmf-dist/tex/latex/psnfss/t1pcr.fd
File: t1pcr.fd 2001/06/04 font definitions for T1/pcr.
) [46]
<Imagenes/apendice/esquema_wynn.png, id=697, 313.9471pt x 79.26387pt>
File: Imagenes/apendice/esquema_wynn.png Graphic file (type png)

<use Imagenes/apendice/esquema_wynn.png>
Package pdftex.def Info: Imagenes/apendice/esquema_wynn.png used on input line 
108.
(pdftex.def)             Requested size: 147.9512pt x 37.3544pt.

<Imagenes/apendice/ejemplo_wynn.png, id=698, 638.77354pt x 76.15549pt>
File: Imagenes/apendice/ejemplo_wynn.png Graphic file (type png)

<use Imagenes/apendice/ejemplo_wynn.png>
Package pdftex.def Info: Imagenes/apendice/ejemplo_wynn.png used on input line 
110.
(pdftex.def)             Requested size: 386.95331pt x 46.13405pt.

<Imagenes/apendice/ejemplo_wynn_log.png, id=701, 578.16pt x 433.62pt>
File: Imagenes/apendice/ejemplo_wynn_log.png Graphic file (type png)

<use Imagenes/apendice/ejemplo_wynn_log.png>
Package pdftex.def Info: Imagenes/apendice/ejemplo_wynn_log.png used on input l
ine 127.
(pdftex.def)             Requested size: 227.61856pt x 170.71231pt.

<Imagenes/apendice/ejemplo_wynn_log_error.png, id=702, 578.16pt x 433.62pt>
File: Imagenes/apendice/ejemplo_wynn_log_error.png Graphic file (type png)

<use Imagenes/apendice/ejemplo_wynn_log_error.png>
Package pdftex.def Info: Imagenes/apendice/ejemplo_wynn_log_error.png used on i
nput line 129.
(pdftex.def)             Requested size: 227.61856pt x 170.71231pt.
LaTeX Font Info:    Font shape `T1/pcr/m/it' in size <10.95> not available
(Font)              Font shape `T1/pcr/m/sl' tried instead on input line 131.

Underfull \vbox (badness 10000) has occurred while \output is active []

 [47 <./Imagenes/apendice/ejemplo_wynn.png> <./Imagenes/apendice/esquema_wynn.p
ng>]
[48 <./Imagenes/apendice/ejemplo_wynn_log.png> <./Imagenes/apendice/ejemplo_wyn
n_log_error.png>] <Imagenes/apendice/F32.png, id=729, 578.16pt x 433.62pt>
File: Imagenes/apendice/F32.png Graphic file (type png)

<use Imagenes/apendice/F32.png>
Package pdftex.def Info: Imagenes/apendice/F32.png used on input line 191.
(pdftex.def)             Requested size: 227.61856pt x 170.71231pt.

<Imagenes/apendice/F52.png, id=730, 578.16pt x 433.62pt>
File: Imagenes/apendice/F52.png Graphic file (type png)

<use Imagenes/apendice/F52.png>
Package pdftex.def Info: Imagenes/apendice/F52.png used on input line 193.
(pdftex.def)             Requested size: 227.61856pt x 170.71231pt.

Underfull \vbox (badness 10000) has occurred while \output is active []

 [49 <./Imagenes/apendice/F32.png> <./Imagenes/apendice/F52.png>]
Overfull \hbox (8.41542pt too wide) detected at line 215
[] \OT1/zplm/m/n/12 = \OT1/pplx/m/n/12 1 \OMS/zplm/m/n/12 ^^@ \OML/zplm/m/it/12
 h [] \OMS/zplm/m/n/12 r[]\OML/zplm/m/it/12 H [] \OMS/zplm/m/n/12 ^^Q \OT1/pplx
/m/n/12 1 \OMS/zplm/m/n/12 ^^@ \OML/zplm/m/it/12 h [] \OMS/zplm/m/n/12 r[]\OML/
zplm/m/it/12 H []
 []


Overfull \hbox (12.50246pt too wide) in paragraph at lines 224--224
[] 
 []

)
Package atveryend Info: Empty hook `BeforeClearDocument' on input line 89.
 [50] [51]
Package atveryend Info: Empty hook `AfterLastShipout' on input line 89.
 (./Tesis.aux
LaTeX Info: Redefining \. on input line 23.
LaTeX Info: Redefining \% on input line 23.
)
Package atveryend Info: Executing hook `AtVeryEndDocument' on input line 89.
Package atveryend Info: Executing hook `AtEndAfterFileList' on input line 89.
Package rerunfilecheck Info: File `Tesis.out' has not changed.
(rerunfilecheck)             Checksum: 6D053CDE90DEBBAF0FD1EDDE46C5E583;2811.


LaTeX Warning: There were undefined references.


LaTeX Warning: There were multiply-defined labels.

Package atveryend Info: Empty hook `AtVeryVeryEnd' on input line 89.
 ) 
Here is how much of TeX's memory you used:
 11674 strings out of 493029
 174013 string characters out of 6136233
 388663 words of memory out of 5000000
 14706 multiletter control sequences out of 15000+600000
 84208 words of font info for 167 fonts, out of 8000000 for 9000
 1141 hyphenation exceptions out of 8191
 36i,18n,58p,472b,414s stack positions out of 5000i,500n,10000p,200000b,80000s
pdfTeX warning (dest): name{subfigure.27.2} has been referenced but does not 
exist, replaced by a fixed one

pdfTeX warning (dest): name{subfigure.27.1} has been referenced but does not ex
ist, replaced by a fixed one

{/usr/share/texlive/texmf-dist/fonts/enc/dvips/base/8r.enc}</usr/share/texlive/
texmf-dist/fonts/type1/public/amsfonts/cm/cmex10.pfb></usr/share/texlive/texmf-
dist/fonts/type1/public/amsfonts/cm/cmmi10.pfb></usr/share/texlive/texmf-dist/f
onts/type1/public/amsfonts/cm/cmr10.pfb></usr/share/texlive/texmf-dist/fonts/ty
pe1/public/amsfonts/cm/cmsy10.pfb></usr/share/texlive/texmf-dist/fonts/type1/pu
blic/mathpazo/fplmbb.pfb></usr/share/texlive/texmf-dist/fonts/type1/public/math
pazo/fplmr.pfb></usr/share/texlive/texmf-dist/fonts/type1/public/mathpazo/fplmr
i.pfb></usr/share/texlive/texmf-dist/fonts/type1/public/amsfonts/latxfont/line1
0.pfb></usr/share/texlive/texmf-dist/fonts/type1/urw/courier/ucrr8a.pfb></usr/s
hare/texlive/texmf-dist/fonts/type1/urw/courier/ucrro8a.pfb></usr/share/texlive
/texmf-dist/fonts/type1/urw/palatino/uplb8a.pfb></usr/share/texlive/texmf-dist/
fonts/type1/urw/palatino/uplr8a.pfb></usr/share/texlive/texmf-dist/fonts/type1/
urw/palatino/uplri8a.pfb></usr/share/texlive/texmf-dist/fonts/type1/urw/times/u
tmb8a.pfb></usr/share/texlive/texmf-dist/fonts/type1/urw/times/utmbi8a.pfb></us
r/share/texlive/texmf-dist/fonts/type1/urw/times/utmr8a.pfb></usr/share/texlive
/texmf-dist/fonts/type1/urw/times/utmri8a.pfb>
Output written on Tesis.pdf (51 pages, 4997338 bytes).
PDF statistics:
 846 PDF objects out of 1000 (max. 8388607)
 618 compressed objects within 7 object streams
 169 named destinations out of 1000 (max. 500000)
 729 words of extra memory for PDF output out of 10000 (max. 10000000)

